#
# A fatal error has been detected by the Java Runtime Environment:
#
#  EXCEPTION_ACCESS_VIOLATION (0xc0000005) at pc=0x00000000557dd277, pid=9456, tid=0x0000000000001d98
#
# JRE version: OpenJDK Runtime Environment (8.0_202-b03) (build 1.8.0_202-release-1483-b03)
# Java VM: OpenJDK 64-Bit Server VM (25.202-b03 mixed mode windows-amd64 compressed oops)
# Problematic frame:
# V  [jvm.dll+0x1ed277]
#
# Failed to write core dump. Minidumps are not enabled by default on client versions of Windows
#
# If you would like to submit a bug report, please visit:
#   http://bugreport.java.com/bugreport/crash.jsp
#

---------------  T H R E A D  ---------------

Current thread (0x000000001bd0b000):  JavaThread "Asynchronous log dispatcher for DefaultDaemonConnection: socket connection from /127.0.0.1:49812 to /127.0.0.1:50452" [_thread_in_vm, id=7576, stack(0x000000001a450000,0x000000001a550000)]

siginfo: ExceptionCode=0xc0000005, writing address 0x000000001a544a60

Registers:
RAX=0x000000001a544a60, RBX=0x0000000000000007, RCX=0x0000000000006000, RDX=0x0000000000000019
RSP=0x000000001a54aa60, RBP=0x0000000000000000, RSI=0x000000001a54aa60, RDI=0x0000000000000007
R8 =0x0000000000000019, R9 =0x0000000024452210, R10=0x0000000015514900, R11=0x000000001a45a160
R12=0x0000000024452210, R13=0x000000001bd0b000, R14=0x000000001a54ab28, R15=0x0000000015514900
RIP=0x00000000557dd277, EFLAGS=0x0000000000010206

Top of Stack: (sp=0x000000001a54aa60)
0x000000001a54aa60:   0000000000000000 0000000100002248
0x000000001a54aa70:   000000001bd0b000 0000000024452210
0x000000001a54aa80:   00000000ffffffff 00000000557de1a7
0x000000001a54aa90:   000000001a54ab90 0000000015514900
0x000000001a54aaa0:   000000001bd0b000 000000005568bd23
0x000000001a54aab0:   000000001a54aaf0 000000001bd0b000
0x000000001a54aac0:   000000001a54ab80 000000001bd0b000
0x000000001a54aad0:   0000000015514900 000000001bd0b000
0x000000001a54aae0:   00000000025769a0 000000001bd0b000
0x000000001a54aaf0:   0000000015514900 000000001bd0b000
0x000000001a54ab00:   0000000015514900 000000001bd0b000
0x000000001a54ab10:   0000000000000001 0000000015514900
0x000000001a54ab20:   000000001bd0b000 000000001d64b678
0x000000001a54ab30:   000000001bd0b000 000000005568d48d
0x000000001a54ab40:   000000001a54aec0 0000000100002248
0x000000001a54ab50:   0000000100060bd8 00000000557e09a5 

Instructions: (pc=0x00000000557dd277)
0x00000000557dd257:   48 89 6c 24 30 33 ed 66 90 e8 2b d4 07 00 ff c3
0x00000000557dd267:   48 63 c8 48 8b c6 48 0f af cf 48 ff c7 48 2b c1
0x00000000557dd277:   89 28 48 63 c3 48 3b 05 f5 94 57 00 7e db 48 8b
0x00000000557dd287:   6c 24 30 48 8b 5c 24 38 48 8b 74 24 40 48 83 c4 


Register to memory mapping:

RAX=0x000000001a544a60 is pointing into the stack for thread: 0x000000001bd0b000
RBX=0x0000000000000007 is an unknown value
RCX=0x0000000000006000 is an unknown value
RDX=0x0000000000000019 is an unknown value
RSP=0x000000001a54aa60 is pointing into the stack for thread: 0x000000001bd0b000
RBP=0x0000000000000000 is an unknown value
RSI=0x000000001a54aa60 is pointing into the stack for thread: 0x000000001bd0b000
RDI=0x0000000000000007 is an unknown value
R8 =0x0000000000000019 is an unknown value
R9 =0x0000000024452210 is an unknown value
R10={method} {0x0000000015514908} 'loadClass' '(Ljava/lang/String;)Ljava/lang/Class;' in 'java/lang/ClassLoader'
R11=0x000000001a45a160 is pointing into the stack for thread: 0x000000001bd0b000
R12=0x0000000024452210 is an unknown value
R13=0x000000001bd0b000 is a thread
R14=0x000000001a54ab28 is pointing into the stack for thread: 0x000000001bd0b000
R15={method} {0x0000000015514908} 'loadClass' '(Ljava/lang/String;)Ljava/lang/Class;' in 'java/lang/ClassLoader'


Stack: [0x000000001a450000,0x000000001a550000],  sp=0x000000001a54aa60,  free space=1002k
Native frames: (J=compiled Java code, j=interpreted, Vv=VM code, C=native code)

Java frames: (J=compiled Java code, j=interpreted, Vv=VM code)
J 742  java.lang.ClassLoader.defineClass1(Ljava/lang/String;[BIILjava/security/ProtectionDomain;Ljava/lang/String;)Ljava/lang/Class; (0 bytes) @ 0x0000000002838ddf [0x0000000002838d40+0x9f]
J 17991 C2 java.net.URLClassLoader$1.run()Ljava/lang/Object; (5 bytes) @ 0x0000000005549df8 [0x00000000055496a0+0x758]
v  ~StubRoutines::call_stub
J 243  java.security.AccessController.doPrivileged(Ljava/security/PrivilegedExceptionAction;Ljava/security/AccessControlContext;)Ljava/lang/Object; (0 bytes) @ 0x00000000026b8c26 [0x00000000026b8bc0+0x66]
J 1417 C2 java.net.URLClassLoader.findClass(Ljava/lang/String;)Ljava/lang/Class; (47 bytes) @ 0x0000000002a07f28 [0x0000000002a07ea0+0x88]
J 2438 C2 java.lang.ClassLoader.loadClass(Ljava/lang/String;Z)Ljava/lang/Class; (122 bytes) @ 0x00000000026b0354 [0x00000000026aff40+0x414]
J 2253 C2 java.lang.ClassLoader.loadClass(Ljava/lang/String;)Ljava/lang/Class; (7 bytes) @ 0x0000000002d95d40 [0x0000000002d95d00+0x40]
v  ~StubRoutines::call_stub
v  ~RuntimeStub::fast_new_instance_init_check Runtime1 stub
J 18682 C1 org.gradle.internal.serialize.ExceptionReplacingObjectOutputStream$1.transform(Ljava/lang/Object;)Ljava/lang/Object; (15 bytes) @ 0x0000000004073585 [0x0000000004072fa0+0x5e5]
J 18681 C1 org.gradle.internal.serialize.ExceptionReplacingObjectOutputStream.replaceObject(Ljava/lang/Object;)Ljava/lang/Object; (11 bytes) @ 0x00000000044bd5d4 [0x00000000044bd440+0x194]
J 18673 C1 java.io.ObjectOutputStream.writeObject0(Ljava/lang/Object;Z)V (619 bytes) @ 0x00000000027686f4 [0x00000000027675e0+0x1114]
J 18654 C2 java.io.ObjectOutputStream.writeObject(Ljava/lang/Object;)V (38 bytes) @ 0x000000000588ad24 [0x000000000588ace0+0x44]
j  org.gradle.internal.serialize.Message.send(Ljava/lang/Object;Ljava/io/OutputStream;)V+11
j  org.gradle.internal.serialize.BaseSerializerFactory$ThrowableSerializer.write(Lorg/gradle/internal/serialize/Encoder;Ljava/lang/Throwable;)V+7
j  org.gradle.internal.serialize.BaseSerializerFactory$ThrowableSerializer.write(Lorg/gradle/internal/serialize/Encoder;Ljava/lang/Object;)V+6
j  org.gradle.internal.logging.serializer.LogEventSerializer.write(Lorg/gradle/internal/serialize/Encoder;Lorg/gradle/internal/logging/events/LogEvent;)V+53
j  org.gradle.internal.logging.serializer.LogEventSerializer.write(Lorg/gradle/internal/serialize/Encoder;Ljava/lang/Object;)V+6
J 9745 C2 org.gradle.internal.serialize.DefaultSerializerRegistry$TaggedTypeSerializer.write(Lorg/gradle/internal/serialize/Encoder;Ljava/lang/Object;)V (31 bytes) @ 0x0000000002b3a550 [0x0000000002b3a3a0+0x1b0]
J 7346 C1 org.gradle.launcher.daemon.protocol.DaemonMessageSerializer$OutputMessageSerializer.write(Lorg/gradle/internal/serialize/Encoder;Ljava/lang/Object;)V (10 bytes) @ 0x0000000003a1108c [0x0000000003a10e20+0x26c]
J 18452 C2 org.gradle.launcher.daemon.server.SynchronizedDispatchConnection.dispatch(Ljava/lang/Object;)V (98 bytes) @ 0x00000000057cc56c [0x00000000057cc300+0x26c]
J 7172 C1 org.gradle.launcher.daemon.server.exec.LogToClient$AsynchronousLogDispatcher.dispatchAsync(Lorg/gradle/internal/logging/events/OutputEvent;)V (33 bytes) @ 0x00000000039a871c [0x00000000039a8400+0x31c]
j  org.gradle.launcher.daemon.server.exec.LogToClient$AsynchronousLogDispatcher.run()V+35
v  ~StubRoutines::call_stub

---------------  P R O C E S S  ---------------

Java Threads: ( => current thread )
  0x000000001bd0d000 JavaThread "Cache worker for file hash cache (D:\meetAp20\.gradle\5.4.1\fileHashes)" [_thread_blocked, id=1176, stack(0x000000001f0c0000,0x000000001f1c0000)]
  0x000000001bd05800 JavaThread "Thread-59" [_thread_blocked, id=12116, stack(0x000000001dec0000,0x000000001dfc0000)]
  0x000000001bd04800 JavaThread "Stdin handler" [_thread_blocked, id=11528, stack(0x000000001a750000,0x000000001a850000)]
=>0x000000001bd0b000 JavaThread "Asynchronous log dispatcher for DefaultDaemonConnection: socket connection from /127.0.0.1:49812 to /127.0.0.1:50452" [_thread_in_vm, id=7576, stack(0x000000001a450000,0x000000001a550000)]
  0x000000001bd0a000 JavaThread "Daemon worker Thread 3" [_thread_blocked, id=12400, stack(0x000000001a350000,0x000000001a450000)]
  0x000000001bd07800 JavaThread "Cancel handler" [_thread_blocked, id=11756, stack(0x0000000000950000,0x0000000000a50000)]
  0x000000001bd07000 JavaThread "Handler for socket connection from /127.0.0.1:49812 to /127.0.0.1:50452" [_thread_in_native, id=7564, stack(0x0000000000850000,0x0000000000950000)]
  0x000000001bd09000 JavaThread "Daemon Thread 3" [_thread_blocked, id=3660, stack(0x0000000000750000,0x0000000000850000)]
  0x000000002058a000 JavaThread "Cache worker for Java compile cache (D:\Gradle\gradle-5.5.1\caches\5.4.1\javaCompile)" [_thread_blocked, id=3404, stack(0x0000000023390000,0x0000000023490000)]
  0x000000001bd14000 JavaThread "Cache worker for file content cache (D:\Gradle\gradle-5.5.1\caches\5.4.1\fileContent)" [_thread_blocked, id=13296, stack(0x0000000021f90000,0x0000000022090000)]
  0x000000001bd0c800 JavaThread "Memory manager" [_thread_blocked, id=2720, stack(0x0000000021990000,0x0000000021a90000)]
  0x000000001bd08800 JavaThread "Cache worker for execution history cache (D:\Gradle\gradle-5.5.1\caches\5.4.1\executionHistory)" [_thread_blocked, id=8720, stack(0x000000001edc0000,0x000000001eec0000)]
  0x00000000181c3800 JavaThread "Cache worker for journal cache (D:\Gradle\gradle-5.5.1\caches\journal-1)" [_thread_blocked, id=11880, stack(0x000000001aa50000,0x000000001ab50000)]
  0x00000000181c6800 JavaThread "File lock request listener" [_thread_in_native, id=2384, stack(0x000000001a950000,0x000000001aa50000)]
  0x0000000017ae3000 JavaThread "Cache worker for file hash cache (D:\Gradle\gradle-5.5.1\caches\5.4.1\fileHashes)" [_thread_blocked, id=10756, stack(0x000000001a850000,0x000000001a950000)]
  0x0000000018191800 JavaThread "Daemon periodic checks" [_thread_blocked, id=8096, stack(0x0000000019e50000,0x0000000019f50000)]
  0x0000000018fec800 JavaThread "Incoming local TCP Connector on port 49812" [_thread_in_native, id=9732, stack(0x0000000019c10000,0x0000000019d10000)]
  0x00000000189e2000 JavaThread "Daemon health stats" [_thread_blocked, id=2416, stack(0x00000000195d0000,0x00000000196d0000)]
  0x0000000017826000 JavaThread "Service Thread" daemon [_thread_blocked, id=9136, stack(0x0000000017c00000,0x0000000017d00000)]
  0x0000000015ea5000 JavaThread "C1 CompilerThread2" daemon [_thread_blocked, id=8828, stack(0x0000000017700000,0x0000000017800000)]
  0x0000000015e9f000 JavaThread "C2 CompilerThread1" daemon [_thread_blocked, id=1016, stack(0x0000000017600000,0x0000000017700000)]
  0x0000000015e9c000 JavaThread "C2 CompilerThread0" daemon [_thread_blocked, id=9776, stack(0x0000000017500000,0x0000000017600000)]
  0x0000000015e9a000 JavaThread "Attach Listener" daemon [_thread_blocked, id=9584, stack(0x0000000017400000,0x0000000017500000)]
  0x0000000015e99000 JavaThread "Signal Dispatcher" daemon [_thread_blocked, id=5592, stack(0x0000000017300000,0x0000000017400000)]
  0x000000000252b000 JavaThread "Finalizer" daemon [_thread_blocked, id=12208, stack(0x0000000017100000,0x0000000017200000)]
  0x0000000015e89000 JavaThread "Reference Handler" daemon [_thread_blocked, id=1060, stack(0x0000000017000000,0x0000000017100000)]
  0x000000000064e000 JavaThread "main" [_thread_blocked, id=9196, stack(0x0000000002330000,0x0000000002430000)]

Other Threads:
  0x0000000015e66000 VMThread [stack: 0x0000000016f00000,0x0000000017000000] [id=9488]
  0x0000000015efe800 WatcherThread [stack: 0x0000000017d00000,0x0000000017e00000] [id=10024]

VM state:synchronizing (normal execution)

VM Mutex/Monitor currently owned by a thread:  ([mutex/lock_event])
[0x000000000064d3e0] Threads_lock - owner thread: 0x0000000015e66000

heap address: 0x00000000a0000000, size: 1536 MB, Compressed Oops mode: 32-bit
Narrow klass base: 0x0000000000000000, Narrow klass shift: 3
Compressed class space size: 1073741824 Address: 0x0000000100000000

Heap:
 PSYoungGen      total 289280K, used 158706K [0x00000000e0000000, 0x00000000f8700000, 0x0000000100000000)
  eden space 202752K, 62% used [0x00000000e0000000,0x00000000e7b2e788,0x00000000ec600000)
  from space 86528K, 37% used [0x00000000ec600000,0x00000000ee5ce278,0x00000000f1a80000)
  to   space 81408K, 0% used [0x00000000f3780000,0x00000000f3780000,0x00000000f8700000)
 ParOldGen       total 299008K, used 167853K [0x00000000a0000000, 0x00000000b2400000, 0x00000000e0000000)
  object space 299008K, 56% used [0x00000000a0000000,0x00000000aa3eb5d0,0x00000000b2400000)
 Metaspace       used 88678K, capacity 92060K, committed 92376K, reserved 1130496K
  class space    used 11449K, capacity 12131K, committed 12288K, reserved 1048576K

Card table byte_map: [0x00000000118f0000,0x0000000011c00000] byte_map_base: 0x00000000113f0000

Marking Bits: (ParMarkBitMap*) 0x0000000055db9f30
 Begin Bits: [0x0000000012200000, 0x0000000013a00000)
 End Bits:   [0x0000000013a00000, 0x0000000015200000)

Polling page: 0x00000000001f0000

CodeCache: size=245760Kb used=53053Kb max_used=53074Kb free=192706Kb
 bounds [0x0000000002530000, 0x0000000005960000, 0x0000000011530000]
 total_blobs=15579 nmethods=14723 adapters=769
 compilation: enabled

Compilation events (10 events):
Event: 9308.699 Thread 0x0000000015e9f000 18873       4       java.lang.Class::privateGetDeclaredConstructors (85 bytes)
Event: 9308.781 Thread 0x0000000015e9c000 18874       4       java.io.ObjectStreamField::getTypeCode (9 bytes)
Event: 9308.783 Thread 0x0000000015e9c000 nmethod 18874 0x000000000528e110 code [0x000000000528e260, 0x000000000528e318]
Event: 9309.299 Thread 0x0000000015e9f000 nmethod 18873 0x00000000026fa710 code [0x00000000026fa8a0, 0x00000000026fad08]
Event: 9310.983 Thread 0x0000000015ea5000 18867   !   3       com.google.common.base.Joiner::appendTo (22 bytes)
Event: 9311.011 Thread 0x0000000015ea5000 nmethod 18867 0x0000000002cdda50 code [0x0000000002cddbe0, 0x0000000002cddef8]
Event: 9312.250 Thread 0x0000000015e9c000 18875       4       java.util.Properties$LineReader::readLine (468 bytes)
Event: 9313.026 Thread 0x0000000015e9c000 nmethod 18875 0x0000000003a3c690 code [0x0000000003a3c800, 0x0000000003a3ce08]
Event: 9317.371 Thread 0x0000000015ea5000 18876       1       org.gradle.internal.resource.UriTextResource::access$100 (5 bytes)
Event: 9317.443 Thread 0x0000000015ea5000 nmethod 18876 0x0000000002adf710 code [0x0000000002adf860, 0x0000000002adf950]

GC Heap History (10 events):
Event: 4515.044 GC heap before
{Heap before GC invocations=26 (full 4):
 PSYoungGen      total 199168K, used 182210K [0x00000000e0000000, 0x00000000f0080000, 0x0000000100000000)
  eden space 161792K, 99% used [0x00000000e0000000,0x00000000e9de2658,0x00000000e9e00000)
  from space 37376K, 54% used [0x00000000e9e00000,0x00000000eb20e570,0x00000000ec280000)
  to   space 36864K, 0% used [0x00000000edc80000,0x00000000edc80000,0x00000000f0080000)
 ParOldGen       total 189952K, used 89161K [0x00000000a0000000, 0x00000000ab980000, 0x00000000e0000000)
  object space 189952K, 46% used [0x00000000a0000000,0x00000000a5712710,0x00000000ab980000)
 Metaspace       used 83472K, capacity 86304K, committed 86616K, reserved 1124352K
  class space    used 10711K, capacity 11321K, committed 11392K, reserved 1048576K
Event: 4515.103 GC heap after
Heap after GC invocations=26 (full 4):
 PSYoungGen      total 223232K, used 29187K [0x00000000e0000000, 0x00000000f0380000, 0x0000000100000000)
  eden space 186368K, 0% used [0x00000000e0000000,0x00000000e0000000,0x00000000eb600000)
  from space 36864K, 79% used [0x00000000edc80000,0x00000000ef900c10,0x00000000f0080000)
  to   space 39424K, 0% used [0x00000000eb600000,0x00000000eb600000,0x00000000edc80000)
 ParOldGen       total 189952K, used 89177K [0x00000000a0000000, 0x00000000ab980000, 0x00000000e0000000)
  object space 189952K, 46% used [0x00000000a0000000,0x00000000a5716710,0x00000000ab980000)
 Metaspace       used 83472K, capacity 86304K, committed 86616K, reserved 1124352K
  class space    used 10711K, capacity 11321K, committed 11392K, reserved 1048576K
}
Event: 4526.109 GC heap before
{Heap before GC invocations=27 (full 4):
 PSYoungGen      total 223232K, used 215555K [0x00000000e0000000, 0x00000000f0380000, 0x0000000100000000)
  eden space 186368K, 100% used [0x00000000e0000000,0x00000000eb600000,0x00000000eb600000)
  from space 36864K, 79% used [0x00000000edc80000,0x00000000ef900c10,0x00000000f0080000)
  to   space 39424K, 0% used [0x00000000eb600000,0x00000000eb600000,0x00000000edc80000)
 ParOldGen       total 189952K, used 89177K [0x00000000a0000000, 0x00000000ab980000, 0x00000000e0000000)
  object space 189952K, 46% used [0x00000000a0000000,0x00000000a5716710,0x00000000ab980000)
 Metaspace       used 84446K, capacity 87408K, committed 87512K, reserved 1126400K
  class space    used 10846K, capacity 11473K, committed 11520K, reserved 1048576K
Event: 4526.473 GC heap after
Heap after GC invocations=27 (full 4):
 PSYoungGen      total 225792K, used 39394K [0x00000000e0000000, 0x00000000f5a80000, 0x0000000100000000)
  eden space 186368K, 0% used [0x00000000e0000000,0x00000000e0000000,0x00000000eb600000)
  from space 39424K, 99% used [0x00000000eb600000,0x00000000edc78a78,0x00000000edc80000)
  to   space 65536K, 0% used [0x00000000f1a80000,0x00000000f1a80000,0x00000000f5a80000)
 ParOldGen       total 189952K, used 143717K [0x00000000a0000000, 0x00000000ab980000, 0x00000000e0000000)
  object space 189952K, 75% used [0x00000000a0000000,0x00000000a8c59778,0x00000000ab980000)
 Metaspace       used 84446K, capacity 87408K, committed 87512K, reserved 1126400K
  class space    used 10846K, capacity 11473K, committed 11520K, reserved 1048576K
}
Event: 4532.192 GC heap before
{Heap before GC invocations=28 (full 4):
 PSYoungGen      total 225792K, used 225762K [0x00000000e0000000, 0x00000000f5a80000, 0x0000000100000000)
  eden space 186368K, 100% used [0x00000000e0000000,0x00000000eb600000,0x00000000eb600000)
  from space 39424K, 99% used [0x00000000eb600000,0x00000000edc78a78,0x00000000edc80000)
  to   space 65536K, 0% used [0x00000000f1a80000,0x00000000f1a80000,0x00000000f5a80000)
 ParOldGen       total 189952K, used 143717K [0x00000000a0000000, 0x00000000ab980000, 0x00000000e0000000)
  object space 189952K, 75% used [0x00000000a0000000,0x00000000a8c59778,0x00000000ab980000)
 Metaspace       used 84787K, capacity 87732K, committed 88024K, reserved 1126400K
  class space    used 10858K, capacity 11481K, committed 11520K, reserved 1048576K
Event: 4532.649 GC heap after
Heap after GC invocations=28 (full 4):
 PSYoungGen      total 268288K, used 65518K [0x00000000e0000000, 0x00000000f8f80000, 0x0000000100000000)
  eden space 202752K, 0% used [0x00000000e0000000,0x00000000e0000000,0x00000000ec600000)
  from space 65536K, 99% used [0x00000000f1a80000,0x00000000f5a7b8f8,0x00000000f5a80000)
  to   space 86528K, 0% used [0x00000000ec600000,0x00000000ec600000,0x00000000f1a80000)
 ParOldGen       total 189952K, used 169728K [0x00000000a0000000, 0x00000000ab980000, 0x00000000e0000000)
  object space 189952K, 89% used [0x00000000a0000000,0x00000000aa5c0220,0x00000000ab980000)
 Metaspace       used 84787K, capacity 87732K, committed 88024K, reserved 1126400K
  class space    used 10858K, capacity 11481K, committed 11520K, reserved 1048576K
}
Event: 4532.649 GC heap before
{Heap before GC invocations=29 (full 5):
 PSYoungGen      total 268288K, used 65518K [0x00000000e0000000, 0x00000000f8f80000, 0x0000000100000000)
  eden space 202752K, 0% used [0x00000000e0000000,0x00000000e0000000,0x00000000ec600000)
  from space 65536K, 99% used [0x00000000f1a80000,0x00000000f5a7b8f8,0x00000000f5a80000)
  to   space 86528K, 0% used [0x00000000ec600000,0x00000000ec600000,0x00000000f1a80000)
 ParOldGen       total 189952K, used 169728K [0x00000000a0000000, 0x00000000ab980000, 0x00000000e0000000)
  object space 189952K, 89% used [0x00000000a0000000,0x00000000aa5c0220,0x00000000ab980000)
 Metaspace       used 84787K, capacity 87732K, committed 88024K, reserved 1126400K
  class space    used 10858K, capacity 11481K, committed 11520K, reserved 1048576K
Event: 4535.336 GC heap after
Heap after GC invocations=29 (full 5):
 PSYoungGen      total 268288K, used 0K [0x00000000e0000000, 0x00000000f8f80000, 0x0000000100000000)
  eden space 202752K, 0% used [0x00000000e0000000,0x00000000e0000000,0x00000000ec600000)
  from space 65536K, 0% used [0x00000000f1a80000,0x00000000f1a80000,0x00000000f5a80000)
  to   space 86528K, 0% used [0x00000000ec600000,0x00000000ec600000,0x00000000f1a80000)
 ParOldGen       total 299008K, used 167845K [0x00000000a0000000, 0x00000000b2400000, 0x00000000e0000000)
  object space 299008K, 56% used [0x00000000a0000000,0x00000000aa3e95d0,0x00000000b2400000)
 Metaspace       used 84713K, capacity 87536K, committed 88024K, reserved 1126400K
  class space    used 10832K, capacity 11435K, committed 11520K, reserved 1048576K
}
Event: 4548.804 GC heap before
{Heap before GC invocations=30 (full 5):
 PSYoungGen      total 268288K, used 202752K [0x00000000e0000000, 0x00000000f8f80000, 0x0000000100000000)
  eden space 202752K, 100% used [0x00000000e0000000,0x00000000ec600000,0x00000000ec600000)
  from space 65536K, 0% used [0x00000000f1a80000,0x00000000f1a80000,0x00000000f5a80000)
  to   space 86528K, 0% used [0x00000000ec600000,0x00000000ec600000,0x00000000f1a80000)
 ParOldGen       total 299008K, used 167845K [0x00000000a0000000, 0x00000000b2400000, 0x00000000e0000000)
  object space 299008K, 56% used [0x00000000a0000000,0x00000000aa3e95d0,0x00000000b2400000)
 Metaspace       used 86441K, capacity 89490K, committed 89560K, reserved 1126400K
  class space    used 11074K, capacity 11708K, committed 11776K, reserved 1048576K
Event: 4548.828 GC heap after
Heap after GC invocations=30 (full 5):
 PSYoungGen      total 289280K, used 32568K [0x00000000e0000000, 0x00000000f8700000, 0x0000000100000000)
  eden space 202752K, 0% used [0x00000000e0000000,0x00000000e0000000,0x00000000ec600000)
  from space 86528K, 37% used [0x00000000ec600000,0x00000000ee5ce278,0x00000000f1a80000)
  to   space 81408K, 0% used [0x00000000f3780000,0x00000000f3780000,0x00000000f8700000)
 ParOldGen       total 299008K, used 167853K [0x00000000a0000000, 0x00000000b2400000, 0x00000000e0000000)
  object space 299008K, 56% used [0x00000000a0000000,0x00000000aa3eb5d0,0x00000000b2400000)
 Metaspace       used 86441K, capacity 89490K, committed 89560K, reserved 1126400K
  class space    used 11074K, capacity 11708K, committed 11776K, reserved 1048576K
}

Deoptimization events (10 events):
Event: 9296.302 Thread 0x000000001bd0a000 Uncommon trap: reason=unstable_if action=reinterpret pc=0x0000000004a63de0 method=java.util.Formatter$Conversion.isValid(C)Z @ 11
Event: 9298.080 Thread 0x000000001bd0a000 Uncommon trap: reason=unstable_if action=reinterpret pc=0x0000000003c4aed4 method=java.lang.ref.SoftReference.get()Ljava/lang/Object; @ 6
Event: 9301.665 Thread 0x000000001bd0a000 Uncommon trap: reason=class_check action=maybe_recompile pc=0x00000000054c03e0 method=java.util.Collections$SetFromMap.<init>(Ljava/util/Map;)V @ 5
Event: 9301.742 Thread 0x000000001bd0a000 Uncommon trap: reason=class_check action=maybe_recompile pc=0x00000000054c03e0 method=java.util.Collections$SetFromMap.<init>(Ljava/util/Map;)V @ 5
Event: 9301.742 Thread 0x000000001bd0a000 Uncommon trap: reason=class_check action=maybe_recompile pc=0x00000000054c03e0 method=java.util.Collections$SetFromMap.<init>(Ljava/util/Map;)V @ 5
Event: 9308.427 Thread 0x000000001bd0a000 Uncommon trap: reason=array_check action=maybe_recompile pc=0x0000000003614e08 method=com.google.common.collect.ImmutableSet.construct(I[Ljava/lang/Object;)Lcom/google/common/collect/ImmutableSet; @ 122
Event: 9308.810 Thread 0x000000001bd0a000 Uncommon trap: reason=array_check action=maybe_recompile pc=0x0000000003614e08 method=com.google.common.collect.ImmutableSet.construct(I[Ljava/lang/Object;)Lcom/google/common/collect/ImmutableSet; @ 122
Event: 9308.839 Thread 0x000000001bd0a000 Uncommon trap: reason=array_check action=maybe_recompile pc=0x0000000003614e08 method=com.google.common.collect.ImmutableSet.construct(I[Ljava/lang/Object;)Lcom/google/common/collect/ImmutableSet; @ 122
Event: 9309.151 Thread 0x000000001bd0a000 Uncommon trap: reason=array_check action=maybe_recompile pc=0x0000000003614e08 method=com.google.common.collect.ImmutableSet.construct(I[Ljava/lang/Object;)Lcom/google/common/collect/ImmutableSet; @ 122
Event: 9317.833 Thread 0x0000000018191800 Uncommon trap: reason=unstable_if action=reinterpret pc=0x0000000004efe2a4 method=org.gradle.internal.logging.events.LogEvent.render(Lorg/gradle/internal/logging/text/StyledTextOutput;)V @ 22

Classes redefined (0 events):
No events

Internal exceptions (10 events):
Event: 9291.710 Thread 0x000000001bd07000 Exception <a 'java/lang/NoSuchMethodError': <clinit>> (0x00000000e785a880) thrown at [D:\src\AOSP-openjdk-cygwin\jdk8u\hotspot\src\share\vm\prims\jni.cpp, line 1614]
Event: 9298.080 Thread 0x000000001bd0a000 Implicit null exception at 0x0000000003c46fab to 0x0000000003c4aeb9
Event: 9308.781 Thread 0x000000001bd0a000 Exception <a 'java/lang/NoSuchMethodError': <clinit>> (0x00000000e79d1148) thrown at [D:\src\AOSP-openjdk-cygwin\jdk8u\hotspot\src\share\vm\prims\jni.cpp, line 1614]
Event: 9308.821 Thread 0x000000001bd0a000 Exception <a 'java/lang/NoSuchMethodError': <clinit>> (0x00000000e7a5d930) thrown at [D:\src\AOSP-openjdk-cygwin\jdk8u\hotspot\src\share\vm\prims\jni.cpp, line 1614]
Event: 9309.993 Thread 0x000000001bd0a000 Exception <a 'java/lang/NoSuchMethodError': <clinit>> (0x00000000e7a9ca18) thrown at [D:\src\AOSP-openjdk-cygwin\jdk8u\hotspot\src\share\vm\prims\jni.cpp, line 1614]
Event: 9309.993 Thread 0x000000001bd0a000 Exception <a 'java/lang/NoSuchMethodError': <clinit>> (0x00000000e7aa0878) thrown at [D:\src\AOSP-openjdk-cygwin\jdk8u\hotspot\src\share\vm\prims\jni.cpp, line 1614]
Event: 9309.993 Thread 0x000000001bd0a000 Exception <a 'java/lang/NoSuchMethodError': <clinit>> (0x00000000e7aa2300) thrown at [D:\src\AOSP-openjdk-cygwin\jdk8u\hotspot\src\share\vm\prims\jni.cpp, line 1614]
Event: 9309.993 Thread 0x000000001bd0a000 Exception <a 'java/lang/NoSuchMethodError': <clinit>> (0x00000000e7aa3a50) thrown at [D:\src\AOSP-openjdk-cygwin\jdk8u\hotspot\src\share\vm\prims\jni.cpp, line 1614]
Event: 9309.993 Thread 0x000000001bd0a000 Exception <a 'java/lang/NoSuchMethodError': <clinit>> (0x00000000e7aa5050) thrown at [D:\src\AOSP-openjdk-cygwin\jdk8u\hotspot\src\share\vm\prims\jni.cpp, line 1614]
Event: 9317.092 Thread 0x0000000018191800 Exception <a 'java/io/IOException'> (0x00000000e79e1b68) thrown at [D:\src\AOSP-openjdk-cygwin\jdk8u\hotspot\src\share\vm\prims\jni.cpp, line 710]

Events (10 events):
Event: 9318.554 loading class java/lang/Throwable$WrappedPrintWriter
Event: 9319.534 loading class java/lang/Throwable$PrintStreamOrWriter
Event: 9319.876 loading class java/lang/Throwable$PrintStreamOrWriter done
Event: 9319.876 loading class java/lang/Throwable$WrappedPrintWriter done
Event: 9321.680 loading class org/gradle/internal/operations/notify/BuildOperationNotificationBridge$Progress
Event: 9321.680 loading class org/gradle/internal/operations/notify/BuildOperationNotificationBridge$Progress done
Event: 9323.816 loading class org/gradle/internal/serialize/ContextualPlaceholderException
Event: 9323.816 loading class org/gradle/internal/serialize/ContextualPlaceholderException done
Event: 9324.036 Executing VM operation: RevokeBias
Event: 9324.074 Executing VM operation: RevokeBias done


Dynamic libraries:
0x00007ff69acf0000 - 0x00007ff69ad21000 	C:\Program Files\Android\Android Studio1\jre\bin\java.exe
0x00007ff9a20c0000 - 0x00007ff9a22b0000 	C:\WINDOWS\SYSTEM32\ntdll.dll
0x00007ff9a0950000 - 0x00007ff9a0a02000 	C:\WINDOWS\System32\KERNEL32.DLL
0x00007ff99f5a0000 - 0x00007ff99f843000 	C:\WINDOWS\System32\KERNELBASE.dll
0x00007ff9a06a0000 - 0x00007ff9a0743000 	C:\WINDOWS\System32\ADVAPI32.dll
0x00007ff9a0290000 - 0x00007ff9a032e000 	C:\WINDOWS\System32\msvcrt.dll
0x00007ff9a13b0000 - 0x00007ff9a1447000 	C:\WINDOWS\System32\sechost.dll
0x00007ff9a0330000 - 0x00007ff9a0450000 	C:\WINDOWS\System32\RPCRT4.dll
0x00007ff9a1450000 - 0x00007ff9a15e4000 	C:\WINDOWS\System32\USER32.dll
0x00007ff99f050000 - 0x00007ff99f071000 	C:\WINDOWS\System32\win32u.dll
0x00007ff9a1370000 - 0x00007ff9a1396000 	C:\WINDOWS\System32\GDI32.dll
0x00007ff99ffd0000 - 0x00007ff9a0164000 	C:\WINDOWS\System32\gdi32full.dll
0x00007ff99f180000 - 0x00007ff99f21e000 	C:\WINDOWS\System32\msvcp_win.dll
0x00007ff99f4a0000 - 0x00007ff99f59a000 	C:\WINDOWS\System32\ucrtbase.dll
0x00007ff98cbc0000 - 0x00007ff98ce45000 	C:\WINDOWS\WinSxS\amd64_microsoft.windows.common-controls_6595b64144ccf1df_6.0.18362.476_none_e6c4b11b130f2595\COMCTL32.dll
0x00007ff9a1d40000 - 0x00007ff9a2076000 	C:\WINDOWS\System32\combase.dll
0x00007ff99f280000 - 0x00007ff99f300000 	C:\WINDOWS\System32\bcryptPrimitives.dll
0x00007ff9a0b60000 - 0x00007ff9a0b8e000 	C:\WINDOWS\System32\IMM32.DLL
0x0000000055360000 - 0x0000000055432000 	C:\Program Files\Android\Android Studio1\jre\jre\bin\msvcr100.dll
0x00000000555f0000 - 0x0000000055e36000 	C:\Program Files\Android\Android Studio1\jre\jre\bin\server\jvm.dll
0x00007ff9a0b50000 - 0x00007ff9a0b58000 	C:\WINDOWS\System32\PSAPI.DLL
0x00007ff9963c0000 - 0x00007ff9963e4000 	C:\WINDOWS\SYSTEM32\WINMM.dll
0x00007ff99a9c0000 - 0x00007ff99a9ca000 	C:\WINDOWS\SYSTEM32\VERSION.dll
0x00007ff9957a0000 - 0x00007ff9957a9000 	C:\WINDOWS\SYSTEM32\WSOCK32.dll
0x00007ff9a0630000 - 0x00007ff9a069f000 	C:\WINDOWS\System32\WS2_32.dll
0x00007ff996390000 - 0x00007ff9963bd000 	C:\WINDOWS\SYSTEM32\winmmbase.dll
0x00007ff99f450000 - 0x00007ff99f49a000 	C:\WINDOWS\System32\cfgmgr32.dll
0x00007ff97d200000 - 0x00007ff97d20f000 	C:\Program Files\Android\Android Studio1\jre\jre\bin\verify.dll
0x00007ff97d1d0000 - 0x00007ff97d1f9000 	C:\Program Files\Android\Android Studio1\jre\jre\bin\java.dll
0x00007ff97d1b0000 - 0x00007ff97d1c6000 	C:\Program Files\Android\Android Studio1\jre\jre\bin\zip.dll
0x00007ff9a0b90000 - 0x00007ff9a1275000 	C:\WINDOWS\System32\SHELL32.dll
0x00007ff9a0820000 - 0x00007ff9a08c9000 	C:\WINDOWS\System32\shcore.dll
0x00007ff99f850000 - 0x00007ff99ffce000 	C:\WINDOWS\System32\windows.storage.dll
0x00007ff99efa0000 - 0x00007ff99efbf000 	C:\WINDOWS\System32\profapi.dll
0x00007ff99f000000 - 0x00007ff99f04a000 	C:\WINDOWS\System32\powrprof.dll
0x00007ff99ef90000 - 0x00007ff99efa0000 	C:\WINDOWS\System32\UMPDC.dll
0x00007ff9a1310000 - 0x00007ff9a1362000 	C:\WINDOWS\System32\shlwapi.dll
0x00007ff99efe0000 - 0x00007ff99eff1000 	C:\WINDOWS\System32\kernel.appcore.dll
0x00007ff99f160000 - 0x00007ff99f177000 	C:\WINDOWS\System32\cryptsp.dll
0x00007ff97d190000 - 0x00007ff97d1aa000 	C:\Program Files\Android\Android Studio1\jre\jre\bin\net.dll
0x00007ff99e7a0000 - 0x00007ff99e807000 	C:\WINDOWS\system32\mswsock.dll
0x00007ff97d170000 - 0x00007ff97d181000 	C:\Program Files\Android\Android Studio1\jre\jre\bin\nio.dll
0x00007ff97c760000 - 0x00007ff97c786000 	D:\Gradle\gradle-5.5.1\native\29\windows-amd64\native-platform.dll
0x00007ff97d160000 - 0x00007ff97d16d000 	C:\Program Files\Android\Android Studio1\jre\jre\bin\management.dll
0x00007ff99e310000 - 0x00007ff99e343000 	C:\WINDOWS\system32\rsaenh.dll
0x00007ff99f080000 - 0x00007ff99f0a6000 	C:\WINDOWS\System32\bcrypt.dll
0x00007ff99eeb0000 - 0x00007ff99eed5000 	C:\WINDOWS\SYSTEM32\USERENV.dll
0x00007ff99e970000 - 0x00007ff99e97c000 	C:\WINDOWS\SYSTEM32\CRYPTBASE.dll
0x00007ff99e4b0000 - 0x00007ff99e4ea000 	C:\WINDOWS\SYSTEM32\IPHLPAPI.DLL
0x00007ff9a13a0000 - 0x00007ff9a13a8000 	C:\WINDOWS\System32\NSI.dll
0x00007ff99a590000 - 0x00007ff99a5a6000 	C:\WINDOWS\SYSTEM32\dhcpcsvc6.DLL
0x00007ff99adb0000 - 0x00007ff99adcc000 	C:\WINDOWS\SYSTEM32\dhcpcsvc.DLL
0x00007ff99e4f0000 - 0x00007ff99e5ba000 	C:\WINDOWS\SYSTEM32\DNSAPI.dll

VM Arguments:
jvm_args: -Xmx1536m -Dfile.encoding=windows-1252 -Duser.country=US -Duser.language=en -Duser.variant 
java_command: org.gradle.launcher.daemon.bootstrap.GradleDaemon 5.4.1
java_class_path (initial): D:\Gradle\gradle-5.5.1\wrapper\dists\gradle-5.4.1-all\3221gyojl5jsh0helicew7rwx\gradle-5.4.1\lib\gradle-launcher-5.4.1.jar
Launcher Type: SUN_STANDARD

Environment Variables:
JAVA_HOME=C:\Program Files\Java\jdk1.8.0_151
PATH=C:\ProgramData\Oracle\Java\javapath;C:\WINDOWS\system32;C:\WINDOWS;C:\WINDOWS\System32\Wbem;C:\WINDOWS\System32\WindowsPowerShell\v1.0\;C:\Program Files (x86)\ATI Technologies\ATI.ACE\Core-Static;C:\WINDOWS\System32\OpenSSH\;C:\Program Files\MongoDB\Server\4.0\bin;D:\flutter\flutter\bin;C:\Program Files\Java\jre1.8.0_151\bin;C:\Program Files\Git\cmd;C:\Users\Angga Kristiono\AppData\Local\Microsoft\WindowsApps;C:\Program Files\MongoDB\Server\4.0\bin;
USERNAME=Angga Kristiono
OS=Windows_NT
PROCESSOR_IDENTIFIER=AMD64 Family 21 Model 48 Stepping 1, AuthenticAMD



---------------  S Y S T E M  ---------------

OS: Windows 10.0 , 64 bit Build 18362 (10.0.18362.329)

CPU:total 4 (initial active 4) (4 cores per cpu, 1 threads per core) family 21 model 48 stepping 1, cmov, cx8, fxsr, mmx, sse, sse2, sse3, ssse3, sse4.1, sse4.2, popcnt, avx, aes, clmul, mmxext, 3dnowpref, lzcnt, sse4a, tsc, tscinvbit, tscinv, bmi1

Memory: 4k page, physical 7285184k(279200k free), swap 29305280k(0k free)

vm_info: OpenJDK 64-Bit Server VM (25.202-b03) for windows-amd64 JRE (1.8.0_202-release-1483-b03), built by "builder" with MS VC++ 10.0 (VS2010)

time: Sun Nov 17 21:35:27 2019
timezone: SE Asia Standard Time
elapsed time: 9325 seconds (0d 2h 35m 25s)

