#
# There is insufficient memory for the Java Runtime Environment to continue.
# Native memory allocation (malloc) failed to allocate 32744 bytes for ChunkPool::allocate
# Possible reasons:
#   The system is out of physical RAM or swap space
#   The process is running with CompressedOops enabled, and the Java Heap may be blocking the growth of the native heap
# Possible solutions:
#   Reduce memory load on the system
#   Increase physical memory or swap space
#   Check if swap backing store is full
#   Decrease Java heap size (-Xmx/-Xms)
#   Decrease number of Java threads
#   Decrease Java thread stack sizes (-Xss)
#   Set larger code cache with -XX:ReservedCodeCacheSize=
#   JVM is running with Unscaled Compressed Oops mode in which the Java heap is
#     placed in the first 4GB address space. The Java Heap base address is the
#     maximum limit for the native heap growth. Please use -XX:HeapBaseMinAddress
#     to set the Java Heap base and to place the Java Heap above 4GB virtual address.
# This output file may be truncated or incomplete.
#
#  Out of Memory Error (allocation.cpp:272), pid=11444, tid=0x00000000000033b8
#
# JRE version: OpenJDK Runtime Environment (8.0_202-b03) (build 1.8.0_202-release-1483-b03)
# Java VM: OpenJDK 64-Bit Server VM (25.202-b03 mixed mode windows-amd64 compressed oops)
# Failed to write core dump. Minidumps are not enabled by default on client versions of Windows
#

---------------  T H R E A D  ---------------

Current thread (0x0000000018098800):  JavaThread "C1 CompilerThread2" daemon [_thread_in_native, id=13240, stack(0x0000000018490000,0x0000000018590000)]

Stack: [0x0000000018490000,0x0000000018590000]
[error occurred during error reporting (printing stack bounds), id 0xc0000005]

Native frames: (J=compiled Java code, j=interpreted, Vv=VM code, C=native code)


Current CompileTask:
C1: 137297 7847       3       org.gradle.internal.logging.sink.ProgressLogEventGenerator$Operation::completeHeader (154 bytes)


---------------  P R O C E S S  ---------------

Java Threads: ( => current thread )
  0x0000000018beb800 JavaThread "Execution worker for ':' Thread 3" [_thread_in_native, id=10156, stack(0x0000000022900000,0x0000000022a00000)]
  0x0000000018bf2000 JavaThread "Execution worker for ':' Thread 2" [_thread_blocked, id=11780, stack(0x0000000022800000,0x0000000022900000)]
  0x0000000018bf1800 JavaThread "Execution worker for ':'" [_thread_blocked, id=12772, stack(0x0000000022700000,0x0000000022800000)]
  0x0000000018bf0800 JavaThread "Memory manager" [_thread_blocked, id=4268, stack(0x0000000022200000,0x0000000022300000)]
  0x0000000018bea800 JavaThread "Cache worker for Build Output Cleanup Cache (D:\#meetAp\ProjectMeetAp\meetAp1-master\.gradle\buildOutputCleanup)" [_thread_blocked, id=1252, stack(0x000000001afe0000,0x000000001b0e0000)]
  0x0000000018bf0000 JavaThread "pool-1-thread-1" [_thread_blocked, id=6660, stack(0x0000000001340000,0x0000000001440000)]
  0x0000000018bee800 JavaThread "Build operations Thread 4" [_thread_blocked, id=2696, stack(0x000000001f080000,0x000000001f180000)]
  0x0000000018bed000 JavaThread "Build operations Thread 3" [_thread_blocked, id=11948, stack(0x000000001ef80000,0x000000001f080000)]
  0x0000000018be7000 JavaThread "Build operations Thread 2" [_thread_blocked, id=5768, stack(0x000000001ee80000,0x000000001ef80000)]
  0x0000000018be7800 JavaThread "Build operations" [_thread_blocked, id=6428, stack(0x000000001ed80000,0x000000001ee80000)]
  0x0000000018bec000 JavaThread "Cache worker for execution history cache (D:\Gradle\gradle-5.5.1\caches\5.4.1\executionHistory)" [_thread_blocked, id=764, stack(0x000000001ea80000,0x000000001eb80000)]
  0x0000000018bed800 JavaThread "Cache worker for cache directory md-rule (D:\Gradle\gradle-5.5.1\caches\5.4.1\md-rule)" [_thread_blocked, id=6460, stack(0x000000001e780000,0x000000001e880000)]
  0x0000000019978000 JavaThread "Cache worker for cache directory md-supplier (D:\Gradle\gradle-5.5.1\caches\5.4.1\md-supplier)" [_thread_blocked, id=6644, stack(0x000000001e680000,0x000000001e780000)]
  0x000000001997a000 JavaThread "Cache worker for file hash cache (D:\#meetAp\ProjectMeetAp\meetAp1-master\.gradle\5.4.1\fileHashes)" [_thread_blocked, id=12276, stack(0x000000001d980000,0x000000001da80000)]
  0x000000001997b000 JavaThread "File lock release action executor" [_thread_blocked, id=9752, stack(0x000000001d680000,0x000000001d780000)]
  0x0000000019979800 JavaThread "Cache worker for journal cache (D:\Gradle\gradle-5.5.1\caches\journal-1)" [_thread_blocked, id=3108, stack(0x000000001b3e0000,0x000000001b4e0000)]
  0x000000001997c800 JavaThread "File lock request listener" [_thread_in_native, id=8300, stack(0x000000001b2e0000,0x000000001b3e0000)]
  0x0000000018b31800 JavaThread "Cache worker for file hash cache (D:\Gradle\gradle-5.5.1\caches\5.4.1\fileHashes)" [_thread_blocked, id=9816, stack(0x000000001b1e0000,0x000000001b2e0000)]
  0x0000000019789000 JavaThread "Thread-9" [_thread_blocked, id=7664, stack(0x000000001b0e0000,0x000000001b1e0000)]
  0x00000000183ef800 JavaThread "Asynchronous log dispatcher for DefaultDaemonConnection: socket connection from /127.0.0.1:51033 to /127.0.0.1:51035" [_thread_blocked, id=8836, stack(0x000000001aee0000,0x000000001afe0000)]
  0x00000000183ee800 JavaThread "Daemon worker" [_thread_in_native, id=7432, stack(0x000000001ade0000,0x000000001aee0000)]
  0x000000001979e000 JavaThread "Cancel handler" [_thread_blocked, id=5972, stack(0x000000001ace0000,0x000000001ade0000)]
  0x00000000183ed800 JavaThread "Handler for socket connection from /127.0.0.1:51033 to /127.0.0.1:51035" [_thread_in_native, id=9288, stack(0x000000001a9e0000,0x000000001aae0000)]
  0x0000000016870000 JavaThread "Daemon" [_thread_blocked, id=13164, stack(0x000000001a8e0000,0x000000001a9e0000)]
  0x0000000016874000 JavaThread "Daemon periodic checks" [_thread_blocked, id=8976, stack(0x000000001a7e0000,0x000000001a8e0000)]
  0x00000000182a7800 JavaThread "Incoming local TCP Connector on port 51033" [_thread_in_native, id=9848, stack(0x000000001a5a0000,0x000000001a6a0000)]
  0x00000000199ec800 JavaThread "Daemon health stats" [_thread_blocked, id=6008, stack(0x0000000019f60000,0x000000001a060000)]
  0x00000000180a0000 JavaThread "Service Thread" daemon [_thread_blocked, id=4908, stack(0x0000000018590000,0x0000000018690000)]
=>0x0000000018098800 JavaThread "C1 CompilerThread2" daemon [_thread_in_native, id=13240, stack(0x0000000018490000,0x0000000018590000)]
  0x000000001681f000 JavaThread "C2 CompilerThread1" daemon [_thread_blocked, id=6636, stack(0x0000000017f90000,0x0000000018090000)]
  0x000000001681c000 JavaThread "C2 CompilerThread0" daemon [_thread_in_native, id=6468, stack(0x0000000017e90000,0x0000000017f90000)]
  0x000000001681a000 JavaThread "Attach Listener" daemon [_thread_blocked, id=8880, stack(0x0000000017d90000,0x0000000017e90000)]
  0x0000000016819000 JavaThread "Signal Dispatcher" daemon [_thread_blocked, id=5092, stack(0x0000000017c90000,0x0000000017d90000)]
  0x0000000002e8b000 JavaThread "Finalizer" daemon [_thread_blocked, id=7600, stack(0x0000000017a80000,0x0000000017b80000)]
  0x0000000016809000 JavaThread "Reference Handler" daemon [_thread_blocked, id=10408, stack(0x0000000017980000,0x0000000017a80000)]
  0x0000000002c4e000 JavaThread "main" [_thread_blocked, id=4300, stack(0x0000000002c50000,0x0000000002d50000)]

Other Threads:
  0x00000000167e7000 VMThread [stack: 0x0000000017880000,0x0000000017980000] [id=7604]
  0x00000000180a1000 WatcherThread [stack: 0x0000000018690000,0x0000000018790000] [id=9712]

VM state:not at safepoint (normal execution)

VM Mutex/Monitor currently owned by a thread: None

heap address: 0x00000000a0000000, size: 1536 MB, Compressed Oops mode: 32-bit
Narrow klass base: 0x0000000000000000, Narrow klass shift: 3
Compressed class space size: 1073741824 Address: 0x0000000100000000

Heap:
 PSYoungGen      total 194048K, used 113142K [0x00000000e0000000, 0x00000000f1300000, 0x0000000100000000)
  eden space 172032K, 65% used [0x00000000e0000000,0x00000000e6e7d918,0x00000000ea800000)
  from space 22016K, 0% used [0x00000000ea800000,0x00000000ea800000,0x00000000ebd80000)
  to   space 24064K, 0% used [0x00000000efb80000,0x00000000efb80000,0x00000000f1300000)
 ParOldGen       total 113664K, used 33828K [0x00000000a0000000, 0x00000000a6f00000, 0x00000000e0000000)
  object space 113664K, 29% used [0x00000000a0000000,0x00000000a2109068,0x00000000a6f00000)
 Metaspace       used 59925K, capacity 61780K, committed 62040K, reserved 1103872K
  class space    used 8079K, capacity 8568K, committed 8576K, reserved 1048576K

Card table byte_map: [0x0000000012250000,0x0000000012560000] byte_map_base: 0x0000000011d50000

Marking Bits: (ParMarkBitMap*) 0x0000000058579f30
 Begin Bits: [0x0000000012b60000, 0x0000000014360000)
 End Bits:   [0x0000000014360000, 0x0000000015b60000)

Polling page: 0x0000000002d50000

CodeCache: size=245760Kb used=21526Kb max_used=21534Kb free=224233Kb
 bounds [0x0000000002e90000, 0x00000000043c0000, 0x0000000011e90000]
 total_blobs=7671 nmethods=6869 adapters=716
 compilation: enabled

Compilation events (10 events):
Event: 137.078 Thread 0x0000000018098800 nmethod 7842 0x00000000043abb10 code [0x00000000043abcc0, 0x00000000043ac458]
Event: 137.078 Thread 0x0000000018098800 7843       3       com.google.common.collect.AbstractMapBasedMultimap::wrapList (33 bytes)
Event: 137.079 Thread 0x0000000018098800 nmethod 7843 0x00000000043aa050 code [0x00000000043aa200, 0x00000000043aa7b8]
Event: 137.130 Thread 0x000000001681f000 7844       4       sun.security.provider.MD5::implDigest (96 bytes)
Event: 137.144 Thread 0x000000001681f000 nmethod 7844 0x00000000043a6990 code [0x00000000043a6b20, 0x00000000043a72c8]
Event: 137.156 Thread 0x0000000018098800 7845       3       com.google.common.collect.ImmutableList::copyOf (22 bytes)
Event: 137.158 Thread 0x0000000018098800 nmethod 7845 0x00000000043a7ed0 code [0x00000000043a80c0, 0x00000000043a8a38]
Event: 137.158 Thread 0x0000000018098800 7846       1       org.gradle.tooling.internal.provider.runner.TaskOriginTracker::finished (1 bytes)
Event: 137.158 Thread 0x0000000018098800 nmethod 7846 0x00000000043a7c10 code [0x00000000043a7d60, 0x00000000043a7e70]
Event: 137.205 Thread 0x0000000018098800 7847       3       org.gradle.internal.logging.sink.ProgressLogEventGenerator$Operation::completeHeader (154 bytes)

GC Heap History (10 events):
Event: 58.297 GC heap before
{Heap before GC invocations=10 (full 2):
 PSYoungGen      total 148992K, used 10555K [0x00000000e0000000, 0x00000000ebc00000, 0x0000000100000000)
  eden space 136192K, 0% used [0x00000000e0000000,0x00000000e0000000,0x00000000e8500000)
  from space 12800K, 82% used [0x00000000e9280000,0x00000000e9ccec88,0x00000000e9f00000)
  to   space 13824K, 0% used [0x00000000e8500000,0x00000000e8500000,0x00000000e9280000)
 ParOldGen       total 54272K, used 7475K [0x00000000a0000000, 0x00000000a3500000, 0x00000000e0000000)
  object space 54272K, 13% used [0x00000000a0000000,0x00000000a074cf90,0x00000000a3500000)
 Metaspace       used 34555K, capacity 35176K, committed 35416K, reserved 1079296K
  class space    used 4742K, capacity 4928K, committed 4992K, reserved 1048576K
Event: 58.544 GC heap after
Heap after GC invocations=10 (full 2):
 PSYoungGen      total 148992K, used 0K [0x00000000e0000000, 0x00000000ebc00000, 0x0000000100000000)
  eden space 136192K, 0% used [0x00000000e0000000,0x00000000e0000000,0x00000000e8500000)
  from space 12800K, 0% used [0x00000000e9280000,0x00000000e9280000,0x00000000e9f00000)
  to   space 13824K, 0% used [0x00000000e8500000,0x00000000e8500000,0x00000000e9280000)
 ParOldGen       total 81920K, used 17239K [0x00000000a0000000, 0x00000000a5000000, 0x00000000e0000000)
  object space 81920K, 21% used [0x00000000a0000000,0x00000000a10d5e68,0x00000000a5000000)
 Metaspace       used 34555K, capacity 35176K, committed 35416K, reserved 1079296K
  class space    used 4742K, capacity 4928K, committed 4992K, reserved 1048576K
}
Event: 84.588 GC heap before
{Heap before GC invocations=11 (full 2):
 PSYoungGen      total 148992K, used 136192K [0x00000000e0000000, 0x00000000ebc00000, 0x0000000100000000)
  eden space 136192K, 100% used [0x00000000e0000000,0x00000000e8500000,0x00000000e8500000)
  from space 12800K, 0% used [0x00000000e9280000,0x00000000e9280000,0x00000000e9f00000)
  to   space 13824K, 0% used [0x00000000e8500000,0x00000000e8500000,0x00000000e9280000)
 ParOldGen       total 81920K, used 17239K [0x00000000a0000000, 0x00000000a5000000, 0x00000000e0000000)
  object space 81920K, 21% used [0x00000000a0000000,0x00000000a10d5e68,0x00000000a5000000)
 Metaspace       used 46008K, capacity 47042K, committed 47192K, reserved 1089536K
  class space    used 6190K, capacity 6484K, committed 6528K, reserved 1048576K
Event: 84.682 GC heap after
Heap after GC invocations=11 (full 2):
 PSYoungGen      total 150016K, used 13800K [0x00000000e0000000, 0x00000000ece00000, 0x0000000100000000)
  eden space 136192K, 0% used [0x00000000e0000000,0x00000000e0000000,0x00000000e8500000)
  from space 13824K, 99% used [0x00000000e8500000,0x00000000e927a250,0x00000000e9280000)
  to   space 16896K, 0% used [0x00000000ebd80000,0x00000000ebd80000,0x00000000ece00000)
 ParOldGen       total 81920K, used 20151K [0x00000000a0000000, 0x00000000a5000000, 0x00000000e0000000)
  object space 81920K, 24% used [0x00000000a0000000,0x00000000a13adef0,0x00000000a5000000)
 Metaspace       used 46008K, capacity 47042K, committed 47192K, reserved 1089536K
  class space    used 6190K, capacity 6484K, committed 6528K, reserved 1048576K
}
Event: 112.622 GC heap before
{Heap before GC invocations=12 (full 2):
 PSYoungGen      total 150016K, used 149992K [0x00000000e0000000, 0x00000000ece00000, 0x0000000100000000)
  eden space 136192K, 100% used [0x00000000e0000000,0x00000000e8500000,0x00000000e8500000)
  from space 13824K, 99% used [0x00000000e8500000,0x00000000e927a250,0x00000000e9280000)
  to   space 16896K, 0% used [0x00000000ebd80000,0x00000000ebd80000,0x00000000ece00000)
 ParOldGen       total 81920K, used 20151K [0x00000000a0000000, 0x00000000a5000000, 0x00000000e0000000)
  object space 81920K, 24% used [0x00000000a0000000,0x00000000a13adef0,0x00000000a5000000)
 Metaspace       used 54945K, capacity 56662K, committed 56792K, reserved 1097728K
  class space    used 7451K, capacity 7911K, committed 7936K, reserved 1048576K
Event: 112.691 GC heap after
Heap after GC invocations=12 (full 2):
 PSYoungGen      total 188928K, used 16884K [0x00000000e0000000, 0x00000000ed400000, 0x0000000100000000)
  eden space 172032K, 0% used [0x00000000e0000000,0x00000000e0000000,0x00000000ea800000)
  from space 16896K, 99% used [0x00000000ebd80000,0x00000000ecdfd340,0x00000000ece00000)
  to   space 22016K, 0% used [0x00000000ea800000,0x00000000ea800000,0x00000000ebd80000)
 ParOldGen       total 81920K, used 27891K [0x00000000a0000000, 0x00000000a5000000, 0x00000000e0000000)
  object space 81920K, 34% used [0x00000000a0000000,0x00000000a1b3cd20,0x00000000a5000000)
 Metaspace       used 54945K, capacity 56662K, committed 56792K, reserved 1097728K
  class space    used 7451K, capacity 7911K, committed 7936K, reserved 1048576K
}
Event: 114.770 GC heap before
{Heap before GC invocations=13 (full 2):
 PSYoungGen      total 188928K, used 40175K [0x00000000e0000000, 0x00000000ed400000, 0x0000000100000000)
  eden space 172032K, 13% used [0x00000000e0000000,0x00000000e16bec18,0x00000000ea800000)
  from space 16896K, 99% used [0x00000000ebd80000,0x00000000ecdfd340,0x00000000ece00000)
  to   space 22016K, 0% used [0x00000000ea800000,0x00000000ea800000,0x00000000ebd80000)
 ParOldGen       total 81920K, used 27891K [0x00000000a0000000, 0x00000000a5000000, 0x00000000e0000000)
  object space 81920K, 34% used [0x00000000a0000000,0x00000000a1b3cd20,0x00000000a5000000)
 Metaspace       used 57247K, capacity 58906K, committed 59028K, reserved 1099776K
  class space    used 7705K, capacity 8139K, committed 8192K, reserved 1048576K
Event: 114.839 GC heap after
Heap after GC invocations=13 (full 2):
 PSYoungGen      total 194048K, used 19653K [0x00000000e0000000, 0x00000000f1300000, 0x0000000100000000)
  eden space 172032K, 0% used [0x00000000e0000000,0x00000000e0000000,0x00000000ea800000)
  from space 22016K, 89% used [0x00000000ea800000,0x00000000ebb31728,0x00000000ebd80000)
  to   space 24064K, 0% used [0x00000000efb80000,0x00000000efb80000,0x00000000f1300000)
 ParOldGen       total 81920K, used 27899K [0x00000000a0000000, 0x00000000a5000000, 0x00000000e0000000)
  object space 81920K, 34% used [0x00000000a0000000,0x00000000a1b3ed20,0x00000000a5000000)
 Metaspace       used 57247K, capacity 58906K, committed 59028K, reserved 1099776K
  class space    used 7705K, capacity 8139K, committed 8192K, reserved 1048576K
}
Event: 114.839 GC heap before
{Heap before GC invocations=14 (full 3):
 PSYoungGen      total 194048K, used 19653K [0x00000000e0000000, 0x00000000f1300000, 0x0000000100000000)
  eden space 172032K, 0% used [0x00000000e0000000,0x00000000e0000000,0x00000000ea800000)
  from space 22016K, 89% used [0x00000000ea800000,0x00000000ebb31728,0x00000000ebd80000)
  to   space 24064K, 0% used [0x00000000efb80000,0x00000000efb80000,0x00000000f1300000)
 ParOldGen       total 81920K, used 27899K [0x00000000a0000000, 0x00000000a5000000, 0x00000000e0000000)
  object space 81920K, 34% used [0x00000000a0000000,0x00000000a1b3ed20,0x00000000a5000000)
 Metaspace       used 57247K, capacity 58906K, committed 59028K, reserved 1099776K
  class space    used 7705K, capacity 8139K, committed 8192K, reserved 1048576K
Event: 115.283 GC heap after
Heap after GC invocations=14 (full 3):
 PSYoungGen      total 194048K, used 0K [0x00000000e0000000, 0x00000000f1300000, 0x0000000100000000)
  eden space 172032K, 0% used [0x00000000e0000000,0x00000000e0000000,0x00000000ea800000)
  from space 22016K, 0% used [0x00000000ea800000,0x00000000ea800000,0x00000000ebd80000)
  to   space 24064K, 0% used [0x00000000efb80000,0x00000000efb80000,0x00000000f1300000)
 ParOldGen       total 113664K, used 33828K [0x00000000a0000000, 0x00000000a6f00000, 0x00000000e0000000)
  object space 113664K, 29% used [0x00000000a0000000,0x00000000a2109068,0x00000000a6f00000)
 Metaspace       used 57247K, capacity 58906K, committed 59028K, reserved 1099776K
  class space    used 7705K, capacity 8139K, committed 8192K, reserved 1048576K
}

Deoptimization events (10 events):
Event: 119.290 Thread 0x0000000018bec000 Uncommon trap: reason=bimorphic action=maybe_recompile pc=0x00000000036f702c method=java.util.Arrays.binarySearch0([Ljava/lang/Object;IILjava/lang/Object;Ljava/util/Comparator;)I @ 48
Event: 119.290 Thread 0x0000000018bec000 Uncommon trap: reason=bimorphic action=maybe_recompile pc=0x00000000036f702c method=java.util.Arrays.binarySearch0([Ljava/lang/Object;IILjava/lang/Object;Ljava/util/Comparator;)I @ 48
Event: 119.290 Thread 0x0000000018bec000 Uncommon trap: reason=bimorphic action=maybe_recompile pc=0x00000000036f702c method=java.util.Arrays.binarySearch0([Ljava/lang/Object;IILjava/lang/Object;Ljava/util/Comparator;)I @ 48
Event: 119.290 Thread 0x0000000018bec000 Uncommon trap: reason=bimorphic action=maybe_recompile pc=0x00000000036f702c method=java.util.Arrays.binarySearch0([Ljava/lang/Object;IILjava/lang/Object;Ljava/util/Comparator;)I @ 48
Event: 119.375 Thread 0x00000000183ee800 Uncommon trap: reason=bimorphic action=maybe_recompile pc=0x000000000393bc04 method=java.util.Arrays.binarySearch0([Ljava/lang/Object;IILjava/lang/Object;Ljava/util/Comparator;)I @ 48
Event: 119.789 Thread 0x0000000018bec000 Uncommon trap: reason=unstable_if action=reinterpret pc=0x000000000376a3b8 method=com.esotericsoftware.kryo.io.Input.readUtf8(I)V @ 79
Event: 120.010 Thread 0x00000000183ee800 Uncommon trap: reason=unstable_if action=reinterpret pc=0x0000000003e70014 method=org.gradle.internal.time.MonotonicClock.advance(J)J @ 25
Event: 136.354 Thread 0x0000000018bf2000 Uncommon trap: reason=unstable_if action=reinterpret pc=0x000000000395f8f8 method=java.util.concurrent.ConcurrentHashMap.addCount(JI)V @ 34
Event: 136.360 Thread 0x0000000018beb800 Uncommon trap: reason=unstable_if action=reinterpret pc=0x0000000003b75210 method=java.util.concurrent.ConcurrentHashMap.addCount(JI)V @ 7
Event: 136.360 Thread 0x0000000018beb800 Uncommon trap: reason=unstable_if action=reinterpret pc=0x0000000003948c20 method=java.util.concurrent.ConcurrentHashMap.addCount(JI)V @ 7

Classes redefined (0 events):
No events

Internal exceptions (10 events):
Event: 101.906 Thread 0x00000000183ee800 Exception <a 'java/lang/ClassNotFoundException': build_9zywrjr3wqrd8b5mjtj5mzb6u$_run_closure1$_closure4Customizer> (0x00000000e5d26c90) thrown at [D:\src\AOSP-openjdk-cygwin\jdk8u\hotspot\src\share\vm\classfile\systemDictionary.cpp, line 210]
Event: 101.908 Thread 0x00000000183ee800 Exception <a 'java/lang/ClassNotFoundException': build_9zywrjr3wqrd8b5mjtj5mzb6u$_run_closure1BeanInfo> (0x00000000e5d50cd8) thrown at [D:\src\AOSP-openjdk-cygwin\jdk8u\hotspot\src\share\vm\classfile\systemDictionary.cpp, line 210]
Event: 101.909 Thread 0x00000000183ee800 Exception <a 'java/lang/ClassNotFoundException': build_9zywrjr3wqrd8b5mjtj5mzb6u$_run_closure1Customizer> (0x00000000e5d62098) thrown at [D:\src\AOSP-openjdk-cygwin\jdk8u\hotspot\src\share\vm\classfile\systemDictionary.cpp, line 210]
Event: 102.706 Thread 0x00000000183ee800 Exception <a 'java/lang/ClassNotFoundException': com/android/build/gradle/internal/api/LibraryVariantOutputImpl_DecoratedBeanInfo> (0x00000000e6190f90) thrown at [D:\src\AOSP-openjdk-cygwin\jdk8u\hotspot\src\share\vm\classfile\systemDictionary.cpp, line 2
Event: 102.707 Thread 0x00000000183ee800 Exception <a 'java/lang/ClassNotFoundException': com/android/build/gradle/internal/api/LibraryVariantOutputImplBeanInfo> (0x00000000e61acfa8) thrown at [D:\src\AOSP-openjdk-cygwin\jdk8u\hotspot\src\share\vm\classfile\systemDictionary.cpp, line 210]
Event: 102.707 Thread 0x00000000183ee800 Exception <a 'java/lang/ClassNotFoundException': com/android/build/gradle/internal/api/LibraryVariantOutputImplCustomizer> (0x00000000e61c99f8) thrown at [D:\src\AOSP-openjdk-cygwin\jdk8u\hotspot\src\share\vm\classfile\systemDictionary.cpp, line 210]
Event: 102.708 Thread 0x00000000183ee800 Exception <a 'java/lang/ClassNotFoundException': com/android/build/gradle/internal/api/LibraryVariantOutputImpl_DecoratedCustomizer> (0x00000000e61f36a8) thrown at [D:\src\AOSP-openjdk-cygwin\jdk8u\hotspot\src\share\vm\classfile\systemDictionary.cpp, line
Event: 114.649 Thread 0x00000000183ee800 Exception <a 'java/lang/ClassNotFoundException': com/sun/org/glassfish/hk2/osgiresourcelocator/ServiceLoader> (0x00000000e0e34208) thrown at [D:\src\AOSP-openjdk-cygwin\jdk8u\hotspot\src\share\vm\classfile\systemDictionary.cpp, line 210]
Event: 114.722 Thread 0x00000000183ee800 Exception <a 'java/lang/NullPointerException'> (0x00000000e1313488) thrown at [D:\src\AOSP-openjdk-cygwin\jdk8u\hotspot\src\share\vm\interpreter\linkResolver.cpp, line 1287]
Event: 137.214 Thread 0x00000000183ee800 Exception <a 'sun/nio/fs/WindowsException'> (0x00000000e6080028) thrown at [D:\src\AOSP-openjdk-cygwin\jdk8u\hotspot\src\share\vm\prims\jni.cpp, line 710]

Events (10 events):
Event: 136.354 loading class java/util/concurrent/ThreadLocalRandom done
Event: 136.354 Executing VM operation: Deoptimize
Event: 136.356 Executing VM operation: Deoptimize done
Event: 136.360 Thread 0x0000000018beb800 Uncommon trap: trap_request=0xffffff65 fr.pc=0x0000000003b75210
Event: 136.360 Thread 0x0000000018beb800 DEOPT PACKING pc=0x0000000003b75210 sp=0x00000000229fe1d0
Event: 136.360 Thread 0x0000000018beb800 DEOPT UNPACKING pc=0x0000000002ed557b sp=0x00000000229fe0b8 mode 2
Event: 136.360 Thread 0x0000000018beb800 Uncommon trap: trap_request=0xffffff65 fr.pc=0x0000000003948c20
Event: 136.360 Thread 0x0000000018beb800 DEOPT PACKING pc=0x0000000003948c20 sp=0x00000000229fe160
Event: 136.360 Thread 0x0000000018beb800 DEOPT UNPACKING pc=0x0000000002ed557b sp=0x00000000229fe0c8 mode 2
Event: 137.215 loading class java/nio/file/FileSystemLoopException


Dynamic libraries:
0x00007ff6b6650000 - 0x00007ff6b6681000 	C:\Program Files\Android\Android Studio1\jre\bin\java.exe
0x00007fff83ea0000 - 0x00007fff84090000 	C:\WINDOWS\SYSTEM32\ntdll.dll
0x00007fff81f50000 - 0x00007fff82002000 	C:\WINDOWS\System32\KERNEL32.DLL
0x00007fff80f80000 - 0x00007fff81223000 	C:\WINDOWS\System32\KERNELBASE.dll
0x00007fff82d20000 - 0x00007fff82dc3000 	C:\WINDOWS\System32\ADVAPI32.dll
0x00007fff825e0000 - 0x00007fff8267e000 	C:\WINDOWS\System32\msvcrt.dll
0x00007fff82c80000 - 0x00007fff82d17000 	C:\WINDOWS\System32\sechost.dll
0x00007fff82020000 - 0x00007fff82140000 	C:\WINDOWS\System32\RPCRT4.dll
0x00007fff82310000 - 0x00007fff824a4000 	C:\WINDOWS\System32\USER32.dll
0x00007fff81460000 - 0x00007fff81481000 	C:\WINDOWS\System32\win32u.dll
0x00007fff82c50000 - 0x00007fff82c76000 	C:\WINDOWS\System32\GDI32.dll
0x00007fff81db0000 - 0x00007fff81f44000 	C:\WINDOWS\System32\gdi32full.dll
0x00007fff81360000 - 0x00007fff813fe000 	C:\WINDOWS\System32\msvcp_win.dll
0x00007fff81230000 - 0x00007fff8132a000 	C:\WINDOWS\System32\ucrtbase.dll
0x00007fff6fb40000 - 0x00007fff6fdc5000 	C:\WINDOWS\WinSxS\amd64_microsoft.windows.common-controls_6595b64144ccf1df_6.0.18362.535_none_e6c3b34713100821\COMCTL32.dll
0x00007fff83a50000 - 0x00007fff83d86000 	C:\WINDOWS\System32\combase.dll
0x00007fff81d30000 - 0x00007fff81db0000 	C:\WINDOWS\System32\bcryptPrimitives.dll
0x00007fff821b0000 - 0x00007fff821de000 	C:\WINDOWS\System32\IMM32.DLL
0x0000000057980000 - 0x0000000057a52000 	C:\Program Files\Android\Android Studio1\jre\jre\bin\msvcr100.dll
0x0000000057db0000 - 0x00000000585f6000 	C:\Program Files\Android\Android Studio1\jre\jre\bin\server\jvm.dll
0x00007fff83a40000 - 0x00007fff83a48000 	C:\WINDOWS\System32\PSAPI.DLL
0x00007fff76170000 - 0x00007fff76179000 	C:\WINDOWS\SYSTEM32\WSOCK32.dll
0x00007fff82140000 - 0x00007fff821af000 	C:\WINDOWS\System32\WS2_32.dll
0x00007fff7f880000 - 0x00007fff7f88a000 	C:\WINDOWS\SYSTEM32\VERSION.dll
0x00007fff7dc80000 - 0x00007fff7dca4000 	C:\WINDOWS\SYSTEM32\WINMM.dll
0x00007fff7dc50000 - 0x00007fff7dc7d000 	C:\WINDOWS\SYSTEM32\WINMMBASE.dll
0x00007fff81cc0000 - 0x00007fff81d0a000 	C:\WINDOWS\System32\cfgmgr32.dll
0x00007fff73450000 - 0x00007fff7345f000 	C:\Program Files\Android\Android Studio1\jre\jre\bin\verify.dll
0x00007fff66410000 - 0x00007fff66439000 	C:\Program Files\Android\Android Studio1\jre\jre\bin\java.dll
0x00007fff6b4c0000 - 0x00007fff6b4d6000 	C:\Program Files\Android\Android Studio1\jre\jre\bin\zip.dll
0x00007fff830c0000 - 0x00007fff837a5000 	C:\WINDOWS\System32\SHELL32.dll
0x00007fff83990000 - 0x00007fff83a39000 	C:\WINDOWS\System32\shcore.dll
0x00007fff81490000 - 0x00007fff81c0f000 	C:\WINDOWS\System32\windows.storage.dll
0x00007fff80d80000 - 0x00007fff80d9f000 	C:\WINDOWS\System32\profapi.dll
0x00007fff80dc0000 - 0x00007fff80e0a000 	C:\WINDOWS\System32\powrprof.dll
0x00007fff80d70000 - 0x00007fff80d80000 	C:\WINDOWS\System32\UMPDC.dll
0x00007fff83d90000 - 0x00007fff83de2000 	C:\WINDOWS\System32\shlwapi.dll
0x00007fff80da0000 - 0x00007fff80db1000 	C:\WINDOWS\System32\kernel.appcore.dll
0x00007fff81d10000 - 0x00007fff81d27000 	C:\WINDOWS\System32\cryptsp.dll
0x00007fff682d0000 - 0x00007fff682ea000 	C:\Program Files\Android\Android Studio1\jre\jre\bin\net.dll
0x00007fff805e0000 - 0x00007fff80647000 	C:\WINDOWS\system32\mswsock.dll
0x00007fff68130000 - 0x00007fff68141000 	C:\Program Files\Android\Android Studio1\jre\jre\bin\nio.dll
0x00007fff65570000 - 0x00007fff65596000 	D:\Gradle\gradle-5.5.1\native\29\windows-amd64\native-platform.dll
0x00007fff5a450000 - 0x00007fff5a45d000 	C:\Program Files\Android\Android Studio1\jre\jre\bin\management.dll
0x00007fff800f0000 - 0x00007fff80123000 	C:\WINDOWS\system32\rsaenh.dll
0x00007fff81330000 - 0x00007fff81356000 	C:\WINDOWS\System32\bcrypt.dll
0x00007fff80c60000 - 0x00007fff80c85000 	C:\WINDOWS\SYSTEM32\USERENV.dll
0x00007fff807b0000 - 0x00007fff807bc000 	C:\WINDOWS\SYSTEM32\CRYPTBASE.dll
0x00007fff80290000 - 0x00007fff802ca000 	C:\WINDOWS\SYSTEM32\IPHLPAPI.DLL
0x00007fff83900000 - 0x00007fff83908000 	C:\WINDOWS\System32\NSI.dll
0x00007fff77d80000 - 0x00007fff77d96000 	C:\WINDOWS\SYSTEM32\dhcpcsvc6.DLL
0x00007fff77e50000 - 0x00007fff77e6c000 	C:\WINDOWS\SYSTEM32\dhcpcsvc.DLL
0x00007fff802d0000 - 0x00007fff8039a000 	C:\WINDOWS\SYSTEM32\DNSAPI.dll

VM Arguments:
jvm_args: -Xmx1536m -Dfile.encoding=windows-1252 -Duser.country=US -Duser.language=en -Duser.variant 
java_command: org.gradle.launcher.daemon.bootstrap.GradleDaemon 5.4.1
java_class_path (initial): D:\Gradle\gradle-5.5.1\wrapper\dists\gradle-5.4.1-all\3221gyojl5jsh0helicew7rwx\gradle-5.4.1\lib\gradle-launcher-5.4.1.jar
Launcher Type: SUN_STANDARD

Environment Variables:
JAVA_HOME=C:\Program Files\Java\jdk1.8.0_151
PATH=C:\ProgramData\Oracle\Java\javapath;C:\WINDOWS\system32;C:\WINDOWS;C:\WINDOWS\System32\Wbem;C:\WINDOWS\System32\WindowsPowerShell\v1.0\;C:\Program Files (x86)\ATI Technologies\ATI.ACE\Core-Static;C:\WINDOWS\System32\OpenSSH\;C:\Program Files\MongoDB\Server\4.0\bin;D:\flutter\flutter\bin;C:\Program Files\Java\jre1.8.0_151\bin;C:\Program Files\Git\cmd;C:\Users\Angga Kristiono\AppData\Local\Microsoft\WindowsApps;C:\Program Files\MongoDB\Server\4.0\bin;
USERNAME=Angga Kristiono
OS=Windows_NT
PROCESSOR_IDENTIFIER=AMD64 Family 21 Model 48 Stepping 1, AuthenticAMD



---------------  S Y S T E M  ---------------

OS: Windows 10.0 , 64 bit Build 18362 (10.0.18362.329)

CPU:total 4 (initial active 4) (4 cores per cpu, 1 threads per core) family 21 model 48 stepping 1, cmov, cx8, fxsr, mmx, sse, sse2, sse3, ssse3, sse4.1, sse4.2, popcnt, avx, aes, clmul, mmxext, 3dnowpref, lzcnt, sse4a, tsc, tscinvbit, tscinv, bmi1

Memory: 4k page, physical 7285184k(130700k free), swap 29305280k(2516k free)

vm_info: OpenJDK 64-Bit Server VM (25.202-b03) for windows-amd64 JRE (1.8.0_202-release-1483-b03), built by "builder" with MS VC++ 10.0 (VS2010)

time: Mon Dec 16 19:59:45 2019
timezone: SE Asia Standard Time
elapsed time: 137 seconds (0d 0h 2m 17s)

